2023.06.25 20:21:00 INFO  Started: Metals version 0.11.12 in workspace '/home/lin/SpinalProjects/DandRiscvSoC' for client Visual Studio Code 1.78.2.[0m
Jun 25, 2023 8:21:00 PM org.flywaydb.core.internal.license.VersionPrinter printVersionOnly
INFO: Flyway Community Edition 9.16.3 by Redgate
Jun 25, 2023 8:21:00 PM org.flywaydb.core.internal.license.VersionPrinter printVersion
INFO: See release notes here: https://rd.gt/416ObMi
Jun 25, 2023 8:21:00 PM org.flywaydb.core.internal.license.VersionPrinter printVersion
INFO: 
Jun 25, 2023 8:21:01 PM org.flywaydb.core.internal.database.base.BaseDatabaseType createDatabase
INFO: Database: jdbc:h2:file:/home/lin/SpinalProjects/DandRiscvSoC/.metals/metals (H2 2.1)
Jun 25, 2023 8:21:01 PM org.flywaydb.core.internal.schemahistory.JdbcTableSchemaHistory allAppliedMigrations
INFO: Schema history table "PUBLIC"."flyway_schema_history" does not exist yet
Jun 25, 2023 8:21:01 PM org.flywaydb.core.internal.command.DbValidate validate
INFO: Successfully validated 4 migrations (execution time 00:00.010s)
Jun 25, 2023 8:21:01 PM org.flywaydb.core.internal.schemahistory.JdbcTableSchemaHistory create
INFO: Creating Schema History table "PUBLIC"."flyway_schema_history" ...
Jun 25, 2023 8:21:01 PM org.flywaydb.core.internal.command.DbMigrate migrateGroup
INFO: Current version of schema "PUBLIC": << Empty Schema >>
Jun 25, 2023 8:21:01 PM org.flywaydb.core.internal.command.DbMigrate doMigrateGroup
INFO: Migrating schema "PUBLIC" to version "1 - Create tables"
Jun 25, 2023 8:21:01 PM org.flywaydb.core.internal.command.DbMigrate doMigrateGroup
INFO: Migrating schema "PUBLIC" to version "2 - Server discovery"
Jun 25, 2023 8:21:01 PM org.flywaydb.core.internal.command.DbMigrate doMigrateGroup
INFO: Migrating schema "PUBLIC" to version "3 - Jar symbols"
Jun 25, 2023 8:21:01 PM org.flywaydb.core.internal.command.DbMigrate doMigrateGroup
INFO: Migrating schema "PUBLIC" to version "4 - Fingerprints"
Jun 25, 2023 8:21:01 PM org.flywaydb.core.internal.command.DbMigrate logSummary
INFO: Successfully applied 4 migrations to schema "PUBLIC", now at version v4 (execution time 00:00.035s)
2023.06.25 20:21:01 INFO  time: initialize in 0.48s[0m
2023.06.25 20:21:02 WARN  Build server is not auto-connectable.[0m
Jun 25, 2023 8:21:17 PM org.eclipse.lsp4j.jsonrpc.services.GenericEndpoint notify
INFO: Unsupported notification method: $/setTrace
